{
  "0 debug pnpm:scope": {
    "selected": 1
  },
  "1 info pnpm": {
    "err": {
      "name": "Error",
      "message": "Command failed with ENOENT: create-next-app\nspawn create-next-app ENOENT",
      "code": "ENOENT",
      "stack": "Error: Command failed with ENOENT: create-next-app\nspawn create-next-app ENOENT\n    at ChildProcess._handle.onexit (node:internal/child_process:285:19)\n    at onErrorNT (node:internal/child_process:483:16)\n    at process.processTicksAndRejections (node:internal/process/task_queues:90:21)"
    }
  },
  "2 error pnpm": {
    "errno": -2,
    "code": "ERR_PNPM_RECURSIVE_EXEC_FIRST_FAIL",
    "syscall": "spawn create-next-app",
    "path": "create-next-app",
    "spawnargs": [],
    "originalMessage": "spawn create-next-app ENOENT",
    "shortMessage": "Command failed with ENOENT: create-next-app\nspawn create-next-app ENOENT",
    "command": "create-next-app",
    "escapedCommand": "create-next-app",
    "failed": true,
    "timedOut": false,
    "isCanceled": false,
    "killed": false,
    "prefix": "/Users/mike/projects/glenn-dyer-net",
    "err": {
      "name": "Error",
      "message": "Command failed with ENOENT: create-next-app\nspawn create-next-app ENOENT",
      "code": "ERR_PNPM_RECURSIVE_EXEC_FIRST_FAIL",
      "stack": "Error: Command failed with ENOENT: create-next-app\nspawn create-next-app ENOENT\n    at ChildProcess._handle.onexit (node:internal/child_process:285:19)\n    at onErrorNT (node:internal/child_process:483:16)\n    at process.processTicksAndRejections (node:internal/process/task_queues:90:21)"
    }
  }
}